INFO 2025-09-29 01:15:51,814 autoreload 30653 8601153088 Watching for file changes with StatReloader
INFO 2025-09-29 01:17:59,618 autoreload 30653 8601153088 /Users/andresyesidmottasarmiento/OneDrive/Mac/Crystals_django_api/crystals_app/views/user_view.py changed, reloading.
INFO 2025-09-29 01:18:00,171 autoreload 30726 8670006848 Watching for file changes with StatReloader
INFO 2025-09-29 01:18:07,666 autoreload 30726 8670006848 /Users/andresyesidmottasarmiento/OneDrive/Mac/Crystals_django_api/crystals_app/views/calibration_view.py changed, reloading.
INFO 2025-09-29 01:18:08,106 autoreload 30743 8644742720 Watching for file changes with StatReloader
INFO 2025-09-29 01:18:13,539 autoreload 30743 8644742720 /Users/andresyesidmottasarmiento/OneDrive/Mac/Crystals_django_api/crystals_app/views/calibration_view.py changed, reloading.
INFO 2025-09-29 01:18:13,981 autoreload 30755 8598941248 Watching for file changes with StatReloader
INFO 2025-09-29 01:18:19,345 autoreload 30755 8598941248 /Users/andresyesidmottasarmiento/OneDrive/Mac/Crystals_django_api/crystals_app/views/calibration_view.py changed, reloading.
INFO 2025-09-29 01:18:19,783 autoreload 30763 8603110976 Watching for file changes with StatReloader
INFO 2025-09-29 01:19:36,849 autoreload 30763 8603110976 /Users/andresyesidmottasarmiento/OneDrive/Mac/Crystals_django_api/crystals_app/urls.py changed, reloading.
INFO 2025-09-29 01:19:38,170 autoreload 30814 8642006592 Watching for file changes with StatReloader
INFO 2025-09-29 01:19:46,762 autoreload 30814 8642006592 /Users/andresyesidmottasarmiento/OneDrive/Mac/Crystals_django_api/crystals_app/urls.py changed, reloading.
INFO 2025-09-29 01:19:47,229 autoreload 30824 8600587840 Watching for file changes with StatReloader
INFO 2025-09-29 01:19:59,966 autoreload 30824 8600587840 /Users/andresyesidmottasarmiento/OneDrive/Mac/Crystals_django_api/crystals_app/urls.py changed, reloading.
INFO 2025-09-29 01:20:00,427 autoreload 30832 8601796160 Watching for file changes with StatReloader
INFO 2025-09-29 01:20:07,917 autoreload 30832 8601796160 /Users/andresyesidmottasarmiento/OneDrive/Mac/Crystals_django_api/crystals_project/settings.py changed, reloading.
INFO 2025-09-29 01:20:08,372 autoreload 30850 8603741760 Watching for file changes with StatReloader
INFO 2025-09-29 01:42:54,911 autoreload 30850 8603741760 /Users/andresyesidmottasarmiento/OneDrive/Mac/Crystals_django_api/crystals_app/utils.py changed, reloading.
INFO 2025-09-29 01:42:56,315 autoreload 31275 8636956224 Watching for file changes with StatReloader
WARNING 2025-09-29 01:43:07,911 log 31275 13026832384 Not Found: /
WARNING 2025-09-29 01:43:07,912 basehttp 31275 13026832384 "GET / HTTP/1.1" 404 20856
INFO 2025-09-29 01:43:50,068 basehttp 31275 13026832384 "GET /activation/status HTTP/1.1" 200 17
WARNING 2025-09-29 01:44:13,377 log 31275 13026832384 Not Found: /auth/login/ [name='login']
WARNING 2025-09-29 01:44:13,378 basehttp 31275 13026832384 "GET /auth/login/%20[name='login'] HTTP/1.1" 404 20990
INFO 2025-09-29 03:10:39,377 autoreload 32607 8659852864 Watching for file changes with StatReloader
WARNING 2025-09-29 03:10:46,390 log 32607 13073936384 Not Found: /
WARNING 2025-09-29 03:10:46,390 basehttp 32607 13073936384 "GET / HTTP/1.1" 404 20856
INFO 2025-09-29 03:15:35,186 autoreload 33197 8670801472 Watching for file changes with StatReloader
WARNING 2025-09-29 03:17:17,032 log 33197 13096759296 Unauthorized: /auth/login/
WARNING 2025-09-29 03:17:17,033 basehttp 33197 13096759296 "POST /auth/login/ HTTP/1.1" 401 31
INFO 2025-09-29 03:20:12,752 basehttp 33197 13096759296 "POST /auth/login/ HTTP/1.1" 200 654
WARNING 2025-09-29 03:20:48,912 log 33197 13096759296 Unauthorized: /calibration/list
WARNING 2025-09-29 03:20:48,912 basehttp 33197 13096759296 "GET /calibration/list HTTP/1.1" 401 93
INFO 2025-09-29 03:36:53,438 basehttp 33197 13096759296 "GET /calibration/list HTTP/1.1" 200 15
WARNING 2025-09-29 03:38:34,639 log 33197 13096759296 Unauthorized: /security/dashboard/
WARNING 2025-09-29 03:38:34,640 basehttp 33197 13096759296 "GET /security/dashboard/ HTTP/1.1" 401 63
INFO 2025-09-29 03:38:57,533 basehttp 33197 13096759296 "POST /auth/login/ HTTP/1.1" 200 654
WARNING 2025-09-29 03:45:57,174 log 33197 13096759296 Forbidden: /security/dashboard/
WARNING 2025-09-29 03:45:57,175 basehttp 33197 13096759296 "GET /security/dashboard/ HTTP/1.1" 403 65
WARNING 2025-09-29 03:47:20,584 log 33197 13096759296 Unauthorized: /auth/login/
WARNING 2025-09-29 03:47:20,584 basehttp 33197 13096759296 "POST /auth/login/ HTTP/1.1" 401 31
WARNING 2025-09-29 03:47:22,176 log 33197 13096759296 Unauthorized: /auth/login/
WARNING 2025-09-29 03:47:22,176 basehttp 33197 13096759296 "POST /auth/login/ HTTP/1.1" 401 31
WARNING 2025-09-29 03:47:23,542 log 33197 13096759296 Unauthorized: /auth/login/
WARNING 2025-09-29 03:47:23,543 basehttp 33197 13096759296 "POST /auth/login/ HTTP/1.1" 401 31
WARNING 2025-09-29 03:47:24,855 log 33197 13096759296 Unauthorized: /auth/login/
WARNING 2025-09-29 03:47:24,856 basehttp 33197 13096759296 "POST /auth/login/ HTTP/1.1" 401 31
WARNING 2025-09-29 03:47:26,246 log 33197 13096759296 Unauthorized: /auth/login/
WARNING 2025-09-29 03:47:26,247 basehttp 33197 13096759296 "POST /auth/login/ HTTP/1.1" 401 31
WARNING 2025-09-29 03:47:26,266 log 33197 13096759296 Too Many Requests: /auth/login/
WARNING 2025-09-29 03:47:26,266 basehttp 33197 13096759296 "POST /auth/login/ HTTP/1.1" 429 64
WARNING 2025-09-29 03:47:26,279 log 33197 13096759296 Too Many Requests: /auth/login/
WARNING 2025-09-29 03:47:26,279 basehttp 33197 13096759296 "POST /auth/login/ HTTP/1.1" 429 64
INFO 2025-10-05 18:19:40,742 autoreload 25225 8661999168 Watching for file changes with StatReloader
WARNING 2025-10-05 18:19:48,723 log 25225 13079293952 Not Found: /
WARNING 2025-10-05 18:19:48,723 basehttp 25225 13079293952 "GET / HTTP/1.1" 404 20856
WARNING 2025-10-05 18:19:48,912 log 25225 13079293952 Not Found: /favicon.ico
WARNING 2025-10-05 18:19:48,913 basehttp 25225 13079293952 "GET /favicon.ico HTTP/1.1" 404 20907
WARNING 2025-10-05 18:20:25,468 log 25225 13079293952 Not Found: /auth/login/ -H "Content-Type: application/json" -d '{"username": "admin", "password": "password"}' -s
WARNING 2025-10-05 18:20:25,468 basehttp 25225 13079293952 "GET /auth/login/%20-H%20%22Content-Type:%20application/json%22%20-d%20'%7B%22username%22:%20%22admin%22,%20%22password%22:%20%22password%22%7D'%20-s HTTP/1.1" 404 21349
WARNING 2025-10-05 18:24:09,490 log 25225 13079293952 Method Not Allowed: /auth/login/
WARNING 2025-10-05 18:24:09,490 basehttp 25225 13079293952 "GET /auth/login/ HTTP/1.1" 405 40
WARNING 2025-10-05 18:35:57,655 log 25225 13079293952 Bad Request: /auth/login/
WARNING 2025-10-05 18:35:57,656 basehttp 25225 13079293952 "POST /auth/login/ HTTP/1.1" 400 46
WARNING 2025-10-05 18:36:06,411 log 25225 13079293952 Unauthorized: /auth/login/
WARNING 2025-10-05 18:36:06,412 basehttp 25225 13079293952 "POST /auth/login/ HTTP/1.1" 401 31
WARNING 2025-10-05 18:37:34,310 log 25225 13096083456 Unauthorized: /auth/login/
WARNING 2025-10-05 18:37:34,311 basehttp 25225 13096083456 "POST /auth/login/ HTTP/1.1" 401 31
WARNING 2025-10-05 18:37:45,141 log 25225 13096083456 Unauthorized: /auth/login/
WARNING 2025-10-05 18:37:45,142 basehttp 25225 13096083456 "POST /auth/login/ HTTP/1.1" 401 31
WARNING 2025-10-05 18:40:10,310 log 25225 13112872960 Unauthorized: /auth/login/
WARNING 2025-10-05 18:40:10,311 basehttp 25225 13112872960 "POST /auth/login/ HTTP/1.1" 401 31
WARNING 2025-10-05 18:41:42,655 log 25225 13129662464 Unauthorized: /auth/login/
WARNING 2025-10-05 18:41:42,656 basehttp 25225 13129662464 "POST /auth/login/ HTTP/1.1" 401 31
WARNING 2025-10-05 18:44:05,148 log 25225 13129662464 Too Many Requests: /auth/login/
WARNING 2025-10-05 18:44:05,149 basehttp 25225 13129662464 "POST /auth/login/ HTTP/1.1" 429 64
WARNING 2025-10-05 18:58:34,048 log 25225 13129662464 Forbidden (CSRF cookie not set.): /activation/status
WARNING 2025-10-05 18:58:34,054 basehttp 25225 13129662464 "POST /activation/status HTTP/1.1" 403 2870
INFO 2025-10-05 18:59:12,276 basehttp 25225 13129662464 "GET /activation/status HTTP/1.1" 200 17
WARNING 2025-10-05 19:01:57,838 log 25225 13146451968 Unauthorized: /calibration/list
WARNING 2025-10-05 19:01:57,839 basehttp 25225 13146451968 "GET /calibration/list HTTP/1.1" 401 93
WARNING 2025-10-05 19:04:39,612 log 25225 13163241472 Unauthorized: /calibration/list
WARNING 2025-10-05 19:04:39,612 basehttp 25225 13163241472 "GET /calibration/list HTTP/1.1" 401 93
WARNING 2025-10-05 19:18:50,132 log 25225 13163241472 Too Many Requests: /auth/login/
WARNING 2025-10-05 19:18:50,132 basehttp 25225 13163241472 "POST /auth/login/ HTTP/1.1" 429 64
WARNING 2025-10-05 19:19:21,895 log 25225 13163241472 Unauthorized: /auth/verify/
WARNING 2025-10-05 19:19:21,895 basehttp 25225 13163241472 "GET /auth/verify/ HTTP/1.1" 401 107
WARNING 2025-10-05 19:29:31,026 log 25225 13180030976 Unauthorized: /calibration/list
WARNING 2025-10-05 19:29:31,027 basehttp 25225 13180030976 "GET /calibration/list HTTP/1.1" 401 93
WARNING 2025-10-05 21:56:08,796 log 25225 13180030976 Forbidden (CSRF cookie not set.): /security/unblock-ip/
WARNING 2025-10-05 21:56:08,798 basehttp 25225 13180030976 "POST /security/unblock-ip/ HTTP/1.1" 403 2870
WARNING 2025-10-05 22:03:04,248 log 25225 13180030976 Forbidden (CSRF cookie not set.): /security/unblock-ip/
WARNING 2025-10-05 22:03:04,255 basehttp 25225 13180030976 "POST /security/unblock-ip/ HTTP/1.1" 403 2870
WARNING 2025-10-05 22:03:25,857 log 25225 13180030976 Forbidden (CSRF cookie not set.): /security/unblock-ip/
WARNING 2025-10-05 22:03:25,858 basehttp 25225 13180030976 "POST /security/unblock-ip/ HTTP/1.1" 403 2870
WARNING 2025-10-05 22:03:29,709 log 25225 13180030976 Forbidden (CSRF cookie not set.): /security/unblock-ip/
WARNING 2025-10-05 22:03:29,710 basehttp 25225 13180030976 "POST /security/unblock-ip/ HTTP/1.1" 403 2870
WARNING 2025-10-05 22:04:38,013 log 25225 13196820480 Forbidden (CSRF cookie not set.): /security/unblock-ip/
WARNING 2025-10-05 22:04:38,013 basehttp 25225 13196820480 "POST /security/unblock-ip/ HTTP/1.1" 403 2870
INFO 2025-10-06 22:24:52,833 autoreload 70538 8604155456 Watching for file changes with StatReloader
WARNING 2025-10-06 22:26:53,714 log 70538 12961329152 Forbidden (CSRF cookie not set.): /security/unblock-ip/
WARNING 2025-10-06 22:26:53,721 basehttp 70538 12961329152 "POST /security/unblock-ip/ HTTP/1.1" 403 2870
INFO 2025-10-06 22:30:47,106 autoreload 70815 8666488384 Watching for file changes with StatReloader
WARNING 2025-10-06 22:31:25,666 log 70815 13085896704 Forbidden (CSRF cookie not set.): /security/unblock-ip/
WARNING 2025-10-06 22:31:25,669 basehttp 70815 13085896704 "POST /security/unblock-ip/ HTTP/1.1" 403 2870
WARNING 2025-10-06 22:31:47,226 log 70815 13102686208 Forbidden (CSRF cookie not set.): /security/unblock-ip/
WARNING 2025-10-06 22:31:47,226 basehttp 70815 13102686208 "POST /security/unblock-ip/ HTTP/1.1" 403 2870
WARNING 2025-10-06 22:32:49,748 log 70815 13102686208 Forbidden (CSRF cookie not set.): /security/unblock-ip/
WARNING 2025-10-06 22:32:49,749 basehttp 70815 13102686208 "POST /security/unblock-ip/ HTTP/1.1" 403 2870
INFO 2025-10-06 22:33:49,965 autoreload 70815 8666488384 /Users/andresyesidmottasarmiento/OneDrive/Mac/Crystals_django_api/crystals_app/views/security_view.py changed, reloading.
INFO 2025-10-06 22:33:51,495 autoreload 72438 8638930496 Watching for file changes with StatReloader
INFO 2025-10-06 22:35:38,857 autoreload 72438 8638930496 /Users/andresyesidmottasarmiento/OneDrive/Mac/Crystals_django_api/crystals_app/views/security_view.py changed, reloading.
INFO 2025-10-06 22:35:40,294 autoreload 72492 8605650496 Watching for file changes with StatReloader
INFO 2025-10-06 22:35:53,978 autoreload 72492 8605650496 /Users/andresyesidmottasarmiento/OneDrive/Mac/Crystals_django_api/crystals_app/views/security_view.py changed, reloading.
INFO 2025-10-06 22:35:54,464 autoreload 72511 8602594880 Watching for file changes with StatReloader
INFO 2025-10-06 22:36:16,460 autoreload 72511 8602594880 /Users/andresyesidmottasarmiento/OneDrive/Mac/Crystals_django_api/crystals_app/views/security_view.py changed, reloading.
INFO 2025-10-06 22:36:16,968 autoreload 72532 8641498688 Watching for file changes with StatReloader
WARNING 2025-10-06 22:36:18,900 log 72532 13035941888 Unauthorized: /security/unblock-ip/
WARNING 2025-10-06 22:36:18,900 basehttp 72532 13035941888 "POST /security/unblock-ip/ HTTP/1.1" 401 63
INFO 2025-10-06 22:38:16,708 autoreload 72728 8636497472 Watching for file changes with StatReloader
WARNING 2025-10-06 22:38:55,629 log 72728 13027110912 Forbidden: /security/unblock-ip/
WARNING 2025-10-06 22:38:55,630 basehttp 72728 13027110912 "POST /security/unblock-ip/ HTTP/1.1" 403 65
WARNING 2025-10-06 22:39:08,771 log 72728 13043900416 Forbidden: /security/unblock-ip/
WARNING 2025-10-06 22:39:08,772 basehttp 72728 13043900416 "POST /security/unblock-ip/ HTTP/1.1" 403 65
WARNING 2025-10-06 23:45:43,498 log 72728 13043900416 Unauthorized: /security/unblock-ip/
WARNING 2025-10-06 23:45:43,499 basehttp 72728 13043900416 "POST /security/unblock-ip/ HTTP/1.1" 401 63
INFO 2025-10-06 23:51:09,121 autoreload 73791 8664833600 Watching for file changes with StatReloader
INFO 2025-10-06 23:54:00,913 basehttp 73791 13080997888 "POST /security/unblock-ip/ HTTP/1.1" 200 58
INFO 2025-10-06 23:59:26,300 autoreload 73791 8664833600 /Users/andresyesidmottasarmiento/OneDrive/Mac/Crystals_django_api/crystals_project/settings.py changed, reloading.
INFO 2025-10-06 23:59:27,919 autoreload 76028 8641039936 Watching for file changes with StatReloader
INFO 2025-10-06 23:59:37,467 autoreload 76028 8641039936 /Users/andresyesidmottasarmiento/OneDrive/Mac/Crystals_django_api/crystals_app/views/auth_view.py changed, reloading.
INFO 2025-10-06 23:59:37,942 autoreload 76047 8631475776 Watching for file changes with StatReloader
INFO 2025-10-06 23:59:48,512 autoreload 76047 8631475776 /Users/andresyesidmottasarmiento/OneDrive/Mac/Crystals_django_api/crystals_app/views/auth_view.py changed, reloading.
INFO 2025-10-06 23:59:49,033 autoreload 76066 8596020800 Watching for file changes with StatReloader
INFO 2025-10-07 00:00:35,072 autoreload 76066 8596020800 /Users/andresyesidmottasarmiento/OneDrive/Mac/Crystals_django_api/crystals_app/views/auth_view.py changed, reloading.
INFO 2025-10-07 00:00:35,778 autoreload 76107 8667053632 Watching for file changes with StatReloader
INFO 2025-10-07 00:00:49,397 autoreload 76107 8667053632 /Users/andresyesidmottasarmiento/OneDrive/Mac/Crystals_django_api/crystals_app/views/auth_view.py changed, reloading.
INFO 2025-10-07 00:00:49,912 autoreload 76123 8663842368 Watching for file changes with StatReloader
INFO 2025-10-07 00:00:54,444 autoreload 76123 8663842368 /Users/andresyesidmottasarmiento/OneDrive/Mac/Crystals_django_api/crystals_app/views/auth_view.py changed, reloading.
INFO 2025-10-07 00:00:54,914 autoreload 76139 8662720064 Watching for file changes with StatReloader
INFO 2025-10-07 00:01:20,078 autoreload 76139 8662720064 /Users/andresyesidmottasarmiento/OneDrive/Mac/Crystals_django_api/crystals_project/settings.py changed, reloading.
INFO 2025-10-07 00:01:20,601 autoreload 76162 8600346176 Watching for file changes with StatReloader
INFO 2025-10-07 00:04:51,134 autoreload 77874 8632061504 Watching for file changes with StatReloader
INFO 2025-10-07 00:07:18,332 basehttp 77874 13016657920 "POST /auth/login/ HTTP/1.1" 200 649
WARNING 2025-10-07 00:09:52,282 log 77874 13033447424 Bad Request: /auth/logout/
WARNING 2025-10-07 00:09:52,283 basehttp 77874 13033447424 "POST /auth/logout/ HTTP/1.1" 400 25
WARNING 2025-10-07 00:11:26,620 log 77874 13050236928 Bad Request: /auth/logout/
WARNING 2025-10-07 00:11:26,622 basehttp 77874 13050236928 "POST /auth/logout/ HTTP/1.1" 400 25
INFO 2025-10-07 00:12:43,387 autoreload 77874 8632061504 /Users/andresyesidmottasarmiento/OneDrive/Mac/Crystals_django_api/crystals_project/settings.py changed, reloading.
INFO 2025-10-07 00:12:44,887 autoreload 78056 8640384576 Watching for file changes with StatReloader
INFO 2025-10-07 00:15:29,763 autoreload 78056 8640384576 /Users/andresyesidmottasarmiento/OneDrive/Mac/Crystals_django_api/crystals_project/settings.py changed, reloading.
INFO 2025-10-07 00:15:31,245 autoreload 78132 8661175872 Watching for file changes with StatReloader
INFO 2025-10-07 00:19:41,168 autoreload 78721 8634142272 Watching for file changes with StatReloader
INFO 2025-10-07 00:19:48,494 basehttp 78721 13022179328 "POST /auth/logout/ HTTP/1.1" 200 37
INFO 2025-10-07 00:20:06,873 basehttp 78721 13022179328 "POST /auth/login/ HTTP/1.1" 200 675
INFO 2025-10-07 00:24:01,089 basehttp 78721 13038968832 "GET /auth/verify/ HTTP/1.1" 200 52
INFO 2025-10-07 00:24:12,620 basehttp 78721 13038968832 "GET /auth/profile/ HTTP/1.1" 200 101
INFO 2025-10-07 00:24:29,259 basehttp 78721 13038968832 "POST /auth/refresh/ HTTP/1.1" 200 318
WARNING 2025-10-07 00:26:51,980 log 78721 13055758336 Forbidden: /security/dashboard/
WARNING 2025-10-07 00:26:51,982 basehttp 78721 13055758336 "GET /security/dashboard/ HTTP/1.1" 403 65
WARNING 2025-10-07 00:27:02,058 log 78721 13055758336 Forbidden: /security/logs/
WARNING 2025-10-07 00:27:02,059 basehttp 78721 13055758336 "GET /security/logs/?limit=50 HTTP/1.1" 403 65
INFO 2025-10-07 00:27:11,762 basehttp 78721 13055758336 "POST /auth/logout/ HTTP/1.1" 200 37
WARNING 2025-10-07 00:27:18,708 log 78721 13055758336 Unauthorized: /auth/refresh/
WARNING 2025-10-07 00:27:18,710 basehttp 78721 13055758336 "POST /auth/refresh/ HTTP/1.1" 401 33
WARNING 2025-10-07 00:29:14,437 log 78721 13072547840 Unauthorized: /auth/login/
WARNING 2025-10-07 00:29:14,437 basehttp 78721 13072547840 "POST /auth/login/ HTTP/1.1" 401 31
INFO 2025-10-07 00:29:31,275 basehttp 78721 13072547840 "POST /auth/login/ HTTP/1.1" 200 649
WARNING 2025-10-07 00:29:44,185 log 78721 13072547840 Unauthorized: /auth/refresh/
WARNING 2025-10-07 00:29:44,186 basehttp 78721 13072547840 "POST /auth/refresh/ HTTP/1.1" 401 33
INFO 2025-10-07 00:32:52,593 basehttp 78721 13089337344 "GET /security/dashboard/ HTTP/1.1" 200 103
INFO 2025-10-07 00:33:10,985 basehttp 78721 13089337344 "GET /security/logs/?limit=50 HTTP/1.1" 200 45
INFO 2025-10-07 00:36:56,408 basehttp 78721 13106126848 "GET /security/logs/?limit=50 HTTP/1.1" 200 45
INFO 2025-10-08 03:25:21,961 autoreload 99886 8668053056 Watching for file changes with StatReloader
WARNING 2025-10-08 03:25:28,675 log 99886 13087469568 Not Found: /
WARNING 2025-10-08 03:25:28,680 basehttp 99886 13087469568 "GET / HTTP/1.1" 404 20856
INFO 2025-10-08 03:31:05,340 autoreload 504 8669687360 Watching for file changes with StatReloader
WARNING 2025-10-08 03:31:10,313 log 504 13091893248 Not Found: /
WARNING 2025-10-08 03:31:10,314 basehttp 504 13091893248 "GET / HTTP/1.1" 404 20856
INFO 2025-10-10 00:35:34,589 basehttp 504 13090779136 "POST /auth/login/ HTTP/1.1" 200 649
INFO 2025-10-10 00:36:40,157 basehttp 504 13108129792 "GET /auth/verify/ HTTP/1.1" 200 49
INFO 2025-10-10 00:36:44,673 basehttp 504 13108129792 "GET /auth/profile/ HTTP/1.1" 200 98
INFO 2025-10-10 00:36:53,064 basehttp 504 13108129792 "POST /auth/refresh/ HTTP/1.1" 200 318
INFO 2025-10-10 00:37:11,113 basehttp 504 13108129792 "GET /auth/verify/ HTTP/1.1" 200 49
INFO 2025-10-10 00:37:17,559 basehttp 504 13108129792 "POST /auth/logout/ HTTP/1.1" 200 37
INFO 2025-10-10 01:15:29,725 basehttp 504 13124919296 "GET /security/dashboard/ HTTP/1.1" 200 103
INFO 2025-10-10 01:16:29,616 autoreload 504 8669687360 /Users/andresyesidmottasarmiento/OneDrive/Mac/Crystals_django_api/crystals_app/utils.py changed, reloading.
INFO 2025-10-10 01:16:32,859 autoreload 61329 8602533440 Watching for file changes with StatReloader
WARNING 2025-10-10 01:19:33,043 log 61329 12958756864 Not Found: /api/auth/login/
WARNING 2025-10-10 01:19:33,044 basehttp 61329 12958756864 "POST /api/auth/login/ HTTP/1.1" 404 20920
WARNING 2025-10-10 01:19:33,054 log 61329 12958756864 Not Found: /api/auth/login/
WARNING 2025-10-10 01:19:33,054 basehttp 61329 12958756864 "POST /api/auth/login/ HTTP/1.1" 404 20920
WARNING 2025-10-10 01:19:34,079 log 61329 12958756864 Not Found: /api/auth/login/
WARNING 2025-10-10 01:19:34,079 basehttp 61329 12958756864 "POST /api/auth/login/ HTTP/1.1" 404 20920
WARNING 2025-10-10 01:19:35,113 log 61329 12958756864 Not Found: /api/auth/login/
WARNING 2025-10-10 01:19:35,114 basehttp 61329 12958756864 "POST /api/auth/login/ HTTP/1.1" 404 20920
WARNING 2025-10-10 01:19:36,149 log 61329 12958756864 Not Found: /api/auth/login/
WARNING 2025-10-10 01:19:36,150 basehttp 61329 12958756864 "POST /api/auth/login/ HTTP/1.1" 404 20920
WARNING 2025-10-10 01:19:37,181 log 61329 12975546368 Not Found: /api/auth/login/
WARNING 2025-10-10 01:19:37,182 basehttp 61329 12975546368 "POST /api/auth/login/ HTTP/1.1" 404 20920
WARNING 2025-10-10 01:19:38,216 log 61329 12958756864 Not Found: /api/auth/login/
WARNING 2025-10-10 01:19:38,217 basehttp 61329 12958756864 "POST /api/auth/login/ HTTP/1.1" 404 20920
WARNING 2025-10-10 01:19:39,243 log 61329 12975546368 Not Found: /api/auth/login/
WARNING 2025-10-10 01:19:39,244 basehttp 61329 12975546368 "POST /api/auth/login/ HTTP/1.1" 404 20920
INFO 2025-10-10 01:20:40,889 basehttp 61329 12958756864 "GET /security/dashboard/ HTTP/1.1" 200 103
INFO 2025-10-10 01:24:34,597 autoreload 61329 8602533440 /Users/andresyesidmottasarmiento/OneDrive/Mac/Crystals_django_api/crystals_app/utils.py changed, reloading.
INFO 2025-10-10 01:24:38,524 autoreload 62071 8635158080 Watching for file changes with StatReloader
INFO 2025-10-10 01:25:02,676 autoreload 62071 8635158080 /Users/andresyesidmottasarmiento/OneDrive/Mac/Crystals_django_api/crystals_app/utils.py changed, reloading.
INFO 2025-10-10 01:25:04,927 autoreload 62109 8669822528 Watching for file changes with StatReloader
INFO 2025-10-10 01:26:39,536 autoreload 62352 8599854656 Watching for file changes with StatReloader
INFO 2025-10-10 01:27:02,239 autoreload 62793 8594832960 Watching for file changes with StatReloader
WARNING 2025-10-10 01:27:11,052 log 62793 12943667200 Unauthorized: /auth/login/
WARNING 2025-10-10 01:27:11,053 basehttp 62793 12943667200 "POST /auth/login/ HTTP/1.1" 401 31
INFO 2025-10-10 01:29:57,483 basehttp 62793 12943667200 "POST /auth/login/ HTTP/1.1" 200 667
WARNING 2025-10-10 01:31:01,400 log 62793 12943667200 Unauthorized: /auth/login/
WARNING 2025-10-10 01:31:01,409 basehttp 62793 12943667200 "POST /auth/login/ HTTP/1.1" 401 31
WARNING 2025-10-10 01:31:03,228 log 62793 12943667200 Unauthorized: /auth/login/
WARNING 2025-10-10 01:31:03,230 basehttp 62793 12943667200 "POST /auth/login/ HTTP/1.1" 401 31
WARNING 2025-10-10 01:31:04,962 log 62793 12943667200 Unauthorized: /auth/login/
WARNING 2025-10-10 01:31:04,962 basehttp 62793 12943667200 "POST /auth/login/ HTTP/1.1" 401 31
INFO 2025-10-10 01:31:14,327 basehttp 62793 12943667200 "POST /auth/login/ HTTP/1.1" 200 667
INFO 2025-10-10 01:31:15,847 basehttp 62793 12943667200 "GET /security/dashboard/ HTTP/1.1" 200 2161
INFO 2025-10-10 01:31:34,344 basehttp 62793 12943667200 "GET /security/dashboard/ HTTP/1.1" 200 2161
INFO 2025-10-10 01:34:43,248 basehttp 62793 12960456704 "GET /security/logs/?limit=50 HTTP/1.1" 200 1979
INFO 2025-10-10 01:39:35,832 autoreload 62793 8594832960 /Users/andresyesidmottasarmiento/OneDrive/Mac/Crystals_django_api/crystals_app/utils.py changed, reloading.
INFO 2025-10-10 01:39:37,239 autoreload 66663 8673246784 Watching for file changes with StatReloader
WARNING 2025-10-10 02:53:00,170 log 66663 13101264896 Unauthorized: /calibration/list
WARNING 2025-10-10 02:53:00,173 basehttp 66663 13101264896 "GET /calibration/list?limit=10&offset=0 HTTP/1.1" 401 63
WARNING 2025-10-10 02:53:11,496 log 66663 13118054400 Unauthorized: /auth/refresh/
WARNING 2025-10-10 02:53:11,496 basehttp 66663 13118054400 "POST /auth/refresh/ HTTP/1.1" 401 33
INFO 2025-10-10 02:53:17,915 basehttp 66663 13118054400 "POST /auth/login/ HTTP/1.1" 200 667
WARNING 2025-10-10 02:53:32,369 log 66663 13101264896 Unauthorized: /calibration/list
WARNING 2025-10-10 02:53:32,370 basehttp 66663 13101264896 "GET /calibration/list?limit=10&offset=0 HTTP/1.1" 401 63
WARNING 2025-10-10 02:55:04,334 log 66663 13134843904 Unauthorized: /calibration/list
WARNING 2025-10-10 02:55:04,335 basehttp 66663 13134843904 "GET /calibration/list?limit=10&offset=0 HTTP/1.1" 401 63
INFO 2025-10-10 02:56:19,653 basehttp 66663 13151633408 "GET /calibration/list?limit=10&offset=0 HTTP/1.1" 200 15
INFO 2025-10-10 02:56:26,506 basehttp 66663 13151633408 "GET /calibration/historic?date_from=2025-09-09&date_to=2025-10-10 HTTP/1.1" 200 15
INFO 2025-10-10 02:56:32,237 basehttp 66663 13151633408 "GET /calibration/active HTTP/1.1" 200 16
WARNING 2025-10-10 02:56:50,342 log 66663 13151633408 Forbidden: /calibration/activate
WARNING 2025-10-10 02:56:50,342 basehttp 66663 13151633408 "POST /calibration/activate HTTP/1.1" 403 82
ERROR 2025-10-10 02:57:14,760 log 66663 13151633408 Internal Server Error: /calibration/create
Traceback (most recent call last):
  File "/Users/andresyesidmottasarmiento/OneDrive/Mac/Crystals_django_api/env/lib/python3.9/site-packages/django/db/backends/utils.py", line 89, in _execute
    return self.cursor.execute(sql, params)
psycopg2.errors.StringDataRightTruncation: value too long for type character varying(20)


The above exception was the direct cause of the following exception:

Traceback (most recent call last):
  File "/Users/andresyesidmottasarmiento/OneDrive/Mac/Crystals_django_api/env/lib/python3.9/site-packages/django/core/handlers/exception.py", line 55, in inner
    response = get_response(request)
  File "/Users/andresyesidmottasarmiento/OneDrive/Mac/Crystals_django_api/env/lib/python3.9/site-packages/django/core/handlers/base.py", line 197, in _get_response
    response = wrapped_callback(request, *callback_args, **callback_kwargs)
  File "/Users/andresyesidmottasarmiento/OneDrive/Mac/Crystals_django_api/env/lib/python3.9/site-packages/django/views/decorators/csrf.py", line 56, in wrapper_view
    return view_func(*args, **kwargs)
  File "/Users/andresyesidmottasarmiento/OneDrive/Mac/Crystals_django_api/env/lib/python3.9/site-packages/django/views/decorators/http.py", line 43, in inner
    return func(request, *args, **kwargs)
  File "/Users/andresyesidmottasarmiento/OneDrive/Mac/Crystals_django_api/crystals_app/views/calibration_view.py", line 68, in create_calibration
    obj = Calibration.objects.create(**fields)
  File "/Users/andresyesidmottasarmiento/OneDrive/Mac/Crystals_django_api/env/lib/python3.9/site-packages/django/db/models/manager.py", line 87, in manager_method
    return getattr(self.get_queryset(), name)(*args, **kwargs)
  File "/Users/andresyesidmottasarmiento/OneDrive/Mac/Crystals_django_api/env/lib/python3.9/site-packages/django/db/models/query.py", line 658, in create
    obj.save(force_insert=True, using=self.db)
  File "/Users/andresyesidmottasarmiento/OneDrive/Mac/Crystals_django_api/env/lib/python3.9/site-packages/django/db/models/base.py", line 814, in save
    self.save_base(
  File "/Users/andresyesidmottasarmiento/OneDrive/Mac/Crystals_django_api/env/lib/python3.9/site-packages/django/db/models/base.py", line 877, in save_base
    updated = self._save_table(
  File "/Users/andresyesidmottasarmiento/OneDrive/Mac/Crystals_django_api/env/lib/python3.9/site-packages/django/db/models/base.py", line 1020, in _save_table
    results = self._do_insert(
  File "/Users/andresyesidmottasarmiento/OneDrive/Mac/Crystals_django_api/env/lib/python3.9/site-packages/django/db/models/base.py", line 1061, in _do_insert
    return manager._insert(
  File "/Users/andresyesidmottasarmiento/OneDrive/Mac/Crystals_django_api/env/lib/python3.9/site-packages/django/db/models/manager.py", line 87, in manager_method
    return getattr(self.get_queryset(), name)(*args, **kwargs)
  File "/Users/andresyesidmottasarmiento/OneDrive/Mac/Crystals_django_api/env/lib/python3.9/site-packages/django/db/models/query.py", line 1805, in _insert
    return query.get_compiler(using=using).execute_sql(returning_fields)
  File "/Users/andresyesidmottasarmiento/OneDrive/Mac/Crystals_django_api/env/lib/python3.9/site-packages/django/db/models/sql/compiler.py", line 1822, in execute_sql
    cursor.execute(sql, params)
  File "/Users/andresyesidmottasarmiento/OneDrive/Mac/Crystals_django_api/env/lib/python3.9/site-packages/django/db/backends/utils.py", line 102, in execute
    return super().execute(sql, params)
  File "/Users/andresyesidmottasarmiento/OneDrive/Mac/Crystals_django_api/env/lib/python3.9/site-packages/django/db/backends/utils.py", line 67, in execute
    return self._execute_with_wrappers(
  File "/Users/andresyesidmottasarmiento/OneDrive/Mac/Crystals_django_api/env/lib/python3.9/site-packages/django/db/backends/utils.py", line 80, in _execute_with_wrappers
    return executor(sql, params, many, context)
  File "/Users/andresyesidmottasarmiento/OneDrive/Mac/Crystals_django_api/env/lib/python3.9/site-packages/django/db/backends/utils.py", line 89, in _execute
    return self.cursor.execute(sql, params)
  File "/Users/andresyesidmottasarmiento/OneDrive/Mac/Crystals_django_api/env/lib/python3.9/site-packages/django/db/utils.py", line 91, in __exit__
    raise dj_exc_value.with_traceback(traceback) from exc_value
  File "/Users/andresyesidmottasarmiento/OneDrive/Mac/Crystals_django_api/env/lib/python3.9/site-packages/django/db/backends/utils.py", line 89, in _execute
    return self.cursor.execute(sql, params)
django.db.utils.DataError: value too long for type character varying(20)

ERROR 2025-10-10 02:57:14,763 basehttp 66663 13151633408 "POST /calibration/create HTTP/1.1" 500 158560
INFO 2025-10-10 03:09:42,613 autoreload 66663 8673246784 /Users/andresyesidmottasarmiento/OneDrive/Mac/Crystals_django_api/crystals_app/views/calibration_view.py changed, reloading.
INFO 2025-10-10 03:09:44,720 autoreload 69302 8671600192 Watching for file changes with StatReloader
INFO 2025-10-10 03:09:50,232 autoreload 69302 8671600192 /Users/andresyesidmottasarmiento/OneDrive/Mac/Crystals_django_api/crystals_app/views/calibration_view.py changed, reloading.
INFO 2025-10-10 03:09:50,729 autoreload 69327 8625491520 Watching for file changes with StatReloader
INFO 2025-10-10 03:10:01,437 autoreload 69327 8625491520 /Users/andresyesidmottasarmiento/OneDrive/Mac/Crystals_django_api/crystals_app/views/calibration_view.py changed, reloading.
INFO 2025-10-10 03:10:02,080 autoreload 69339 8642117184 Watching for file changes with StatReloader
INFO 2025-10-10 03:10:16,928 autoreload 69339 8642117184 /Users/andresyesidmottasarmiento/OneDrive/Mac/Crystals_django_api/crystals_app/views/calibration_view.py changed, reloading.
INFO 2025-10-10 03:10:17,450 autoreload 69363 8597700160 Watching for file changes with StatReloader
INFO 2025-10-10 03:10:28,150 autoreload 69363 8597700160 /Users/andresyesidmottasarmiento/OneDrive/Mac/Crystals_django_api/crystals_app/views/calibration_view.py changed, reloading.
INFO 2025-10-10 03:10:28,757 autoreload 69382 8674623040 Watching for file changes with StatReloader
INFO 2025-10-10 03:10:49,794 autoreload 69382 8674623040 /Users/andresyesidmottasarmiento/OneDrive/Mac/Crystals_django_api/crystals_app/views/calibration_view.py changed, reloading.
INFO 2025-10-10 03:10:50,378 autoreload 69403 8630849088 Watching for file changes with StatReloader
INFO 2025-10-10 03:10:57,957 autoreload 69403 8630849088 /Users/andresyesidmottasarmiento/OneDrive/Mac/Crystals_django_api/crystals_app/views/calibration_view.py changed, reloading.
INFO 2025-10-10 03:10:58,462 autoreload 69418 8630758976 Watching for file changes with StatReloader
INFO 2025-10-10 03:11:11,323 autoreload 69418 8630758976 /Users/andresyesidmottasarmiento/OneDrive/Mac/Crystals_django_api/crystals_app/views/calibration_view.py changed, reloading.
INFO 2025-10-10 03:11:11,863 autoreload 69444 8638672448 Watching for file changes with StatReloader
INFO 2025-10-10 03:11:19,461 autoreload 69444 8638672448 /Users/andresyesidmottasarmiento/OneDrive/Mac/Crystals_django_api/crystals_app/views/calibration_view.py changed, reloading.
INFO 2025-10-10 03:11:19,952 autoreload 69463 8666484288 Watching for file changes with StatReloader
INFO 2025-10-10 03:11:33,825 autoreload 69463 8666484288 /Users/andresyesidmottasarmiento/OneDrive/Mac/Crystals_django_api/crystals_app/views/calibration_view.py changed, reloading.
INFO 2025-10-10 03:11:34,333 autoreload 69475 8643522112 Watching for file changes with StatReloader
INFO 2025-10-10 03:12:02,771 autoreload 69475 8643522112 /Users/andresyesidmottasarmiento/OneDrive/Mac/Crystals_django_api/crystals_app/views/company_view.py changed, reloading.
INFO 2025-10-10 03:12:03,275 autoreload 69499 8676748864 Watching for file changes with StatReloader
INFO 2025-10-10 03:12:10,848 autoreload 69499 8676748864 /Users/andresyesidmottasarmiento/OneDrive/Mac/Crystals_django_api/crystals_app/views/company_view.py changed, reloading.
INFO 2025-10-10 03:12:11,385 autoreload 69518 8630263360 Watching for file changes with StatReloader
INFO 2025-10-10 03:12:19,079 autoreload 69518 8630263360 /Users/andresyesidmottasarmiento/OneDrive/Mac/Crystals_django_api/crystals_app/views/company_view.py changed, reloading.
INFO 2025-10-10 03:12:19,564 autoreload 69538 8609263168 Watching for file changes with StatReloader
INFO 2025-10-10 03:12:27,116 autoreload 69538 8609263168 /Users/andresyesidmottasarmiento/OneDrive/Mac/Crystals_django_api/crystals_app/views/company_view.py changed, reloading.
INFO 2025-10-10 03:12:27,661 autoreload 69553 8633212480 Watching for file changes with StatReloader
INFO 2025-10-10 03:14:36,995 autoreload 69553 8633212480 /Users/andresyesidmottasarmiento/OneDrive/Mac/Crystals_django_api/crystals_app/views/managementreportlayout_view.py changed, reloading.
INFO 2025-10-10 03:14:38,429 autoreload 69759 8601566784 Watching for file changes with StatReloader
WARNING 2025-10-10 03:18:23,803 log 70640 13007433728 Unauthorized: /auth/login/
WARNING 2025-10-10 03:18:23,804 basehttp 70640 13007433728 "POST /auth/login/ HTTP/1.1" 401 31
WARNING 2025-10-10 03:19:45,020 log 71728 13002223616 Unauthorized: /security/dashboard/
WARNING 2025-10-10 03:19:45,021 basehttp 71728 13002223616 "GET /security/dashboard/?id=82e9e7e5-be89-46b4-b4fc-dab8ee889cfb&vscodeBrowserReqId=1760066384988 HTTP/1.1" 401 93
INFO 2025-10-10 03:20:09,437 autoreload 69759 8601566784 /Users/andresyesidmottasarmiento/OneDrive/Mac/Crystals_django_api/crystals_app/views/calibration_view.py changed, reloading.
INFO 2025-10-10 03:20:10,470 autoreload 71751 8594898496 Watching for file changes with StatReloader
